  main.cpp
  Tp2.vcxproj -> C:\Users\Administrador\Desktop\Trabajo-Practico-2\Debug\Tp2.exe
          1 archivo(s) copiado(s).
  C:\Users\Administrador\Desktop\Trabajo-Practico-2\Visual Leak Detector\bin\Win32\dbghelp.dll
  C:\Users\Administrador\Desktop\Trabajo-Practico-2\Visual Leak Detector\bin\Win32\Microsoft.DTfW.DHL.manifest
  C:\Users\Administrador\Desktop\Trabajo-Practico-2\Visual Leak Detector\bin\Win32\vld_x86.dll
  C:\Users\Administrador\Desktop\Trabajo-Practico-2\Visual Leak Detector\bin\Win32\vld_x86.pdb
          4 archivo(s) copiado(s).
  C:\Users\Administrador\Desktop\Trabajo-Practico-2\SDL2_image-2.0.3\lib\x86\libjpeg-9.dll
  C:\Users\Administrador\Desktop\Trabajo-Practico-2\SDL2_image-2.0.3\lib\x86\libpng16-16.dll
  C:\Users\Administrador\Desktop\Trabajo-Practico-2\SDL2_image-2.0.3\lib\x86\libtiff-5.dll
  C:\Users\Administrador\Desktop\Trabajo-Practico-2\SDL2_image-2.0.3\lib\x86\libwebp-7.dll
  C:\Users\Administrador\Desktop\Trabajo-Practico-2\SDL2_image-2.0.3\lib\x86\LICENSE.jpeg.txt
  C:\Users\Administrador\Desktop\Trabajo-Practico-2\SDL2_image-2.0.3\lib\x86\LICENSE.png.txt
  C:\Users\Administrador\Desktop\Trabajo-Practico-2\SDL2_image-2.0.3\lib\x86\LICENSE.tiff.txt
  C:\Users\Administrador\Desktop\Trabajo-Practico-2\SDL2_image-2.0.3\lib\x86\LICENSE.webp.txt
  C:\Users\Administrador\Desktop\Trabajo-Practico-2\SDL2_image-2.0.3\lib\x86\LICENSE.zlib.txt
  C:\Users\Administrador\Desktop\Trabajo-Practico-2\SDL2_image-2.0.3\lib\x86\SDL2_image.dll
  C:\Users\Administrador\Desktop\Trabajo-Practico-2\SDL2_image-2.0.3\lib\x86\SDL2_image.lib
  C:\Users\Administrador\Desktop\Trabajo-Practico-2\SDL2_image-2.0.3\lib\x86\zlib1.dll
         12 archivo(s) copiado(s).
