  main.cpp
  Tp2.vcxproj -> C:\Users\Administrador\Desktop\Trabajo-Practico-2\x64\Debug\Tp2.exe
          1 archivo(s) copiado(s).
  C:\Users\Administrador\Desktop\Trabajo-Practico-2\Visual Leak Detector\bin\Win64\dbghelp.dll
  C:\Users\Administrador\Desktop\Trabajo-Practico-2\Visual Leak Detector\bin\Win64\Microsoft.DTfW.DHL.manifest
  C:\Users\Administrador\Desktop\Trabajo-Practico-2\Visual Leak Detector\bin\Win64\vld_x64.dll
  C:\Users\Administrador\Desktop\Trabajo-Practico-2\Visual Leak Detector\bin\Win64\vld_x64.pdb
          4 archivo(s) copiado(s).
  C:\Users\Administrador\Desktop\Trabajo-Practico-2\SDL2_image-2.0.3\lib\x64\libjpeg-9.dll
  C:\Users\Administrador\Desktop\Trabajo-Practico-2\SDL2_image-2.0.3\lib\x64\libpng16-16.dll
  C:\Users\Administrador\Desktop\Trabajo-Practico-2\SDL2_image-2.0.3\lib\x64\libtiff-5.dll
  C:\Users\Administrador\Desktop\Trabajo-Practico-2\SDL2_image-2.0.3\lib\x64\libwebp-7.dll
  C:\Users\Administrador\Desktop\Trabajo-Practico-2\SDL2_image-2.0.3\lib\x64\LICENSE.jpeg.txt
  C:\Users\Administrador\Desktop\Trabajo-Practico-2\SDL2_image-2.0.3\lib\x64\LICENSE.png.txt
  C:\Users\Administrador\Desktop\Trabajo-Practico-2\SDL2_image-2.0.3\lib\x64\LICENSE.tiff.txt
  C:\Users\Administrador\Desktop\Trabajo-Practico-2\SDL2_image-2.0.3\lib\x64\LICENSE.webp.txt
  C:\Users\Administrador\Desktop\Trabajo-Practico-2\SDL2_image-2.0.3\lib\x64\LICENSE.zlib.txt
  C:\Users\Administrador\Desktop\Trabajo-Practico-2\SDL2_image-2.0.3\lib\x64\SDL2_image.dll
  C:\Users\Administrador\Desktop\Trabajo-Practico-2\SDL2_image-2.0.3\lib\x64\SDL2_image.lib
  C:\Users\Administrador\Desktop\Trabajo-Practico-2\SDL2_image-2.0.3\lib\x64\zlib1.dll
         12 archivo(s) copiado(s).
